Set test time: 1900 s
=========Thermal Cap[pxa1936ff]==========
time temp CPU0 CPU4 GC2D GC3D DDR
0 38000 416000 624000 78000 156000 156000
1 38000 416000 416000 78000 156000 156000
2 38000 416000 624000 78000 156000 156000
3 38000 416000 624000 78000 156000 156000
4 38000 416000 624000 78000 156000 156000
5 38000 416000 624000 78000 156000 156000
6 38000 416000 624000 78000 156000 156000
7 38000 416000 624000 78000 156000 156000
8 40000 416000 624000 312000 156000 312000
9 40000 416000 624000 78000 156000 156000
10 39000 624000 832000 78000 156000 156000
11 39000 416000 624000 78000 156000 156000
12 39000 624000 832000 78000 156000 156000
13 39000 416000 624000 78000 156000 156000
14 39000 416000 624000 78000 156000 156000
15 38000 416000 624000 78000 156000 156000
16 38000 416000 624000 78000 156000 156000
17 38000 416000 624000 78000 156000 156000
18 38000 416000 624000 78000 156000 156000
19 38000 416000 624000 78000 156000 156000
21 38000 416000 624000 78000 156000 156000
22 38000 416000 624000 78000 156000 156000
23 38000 416000 624000 78000 156000 156000
24 38000 416000 624000 78000 156000 156000
25 38000 416000 624000 78000 156000 156000
26 38000 416000 624000 78000 156000 156000
27 38000 416000 624000 78000 156000 156000
28 38000 416000 624000 78000 156000 156000
29 38000 416000 624000 78000 156000 156000
30 38000 416000 624000 78000 156000 156000
31 38000 416000 624000 78000 156000 156000
32 38000 416000 624000 78000 156000 156000
33 38000 416000 624000 78000 156000 156000
34 38000 416000 624000 78000 156000 156000
35 38000 416000 624000 78000 156000 156000
36 38000 416000 624000 78000 156000 156000
37 38000 416000 624000 78000 156000 156000
38 38000 416000 624000 78000 156000 156000
39 38000 416000 624000 78000 156000 156000
40 38000 416000 624000 78000 156000 156000
42 38000 416000 624000 78000 156000 156000
43 38000 416000 624000 78000 156000 156000
44 38000 416000 624000 78000 156000 156000
45 38000 416000 624000 78000 156000 156000
46 38000 416000 624000 78000 156000 156000
47 38000 416000 624000 78000 156000 156000
48 38000 416000 624000 78000 156000 156000
49 38000 416000 624000 78000 156000 156000
50 38000 416000 624000 78000 156000 156000
51 38000 416000 624000 78000 156000 156000
52 38000 416000 624000 78000 156000 156000
53 38000 416000 624000 78000 156000 156000
54 38000 416000 624000 78000 156000 156000
55 38000 416000 624000 78000 156000 156000
56 38000 416000 624000 78000 156000 156000
57 38000 416000 624000 78000 156000 156000
58 38000 416000 624000 78000 156000 156000
59 38000 416000 624000 78000 156000 156000
60 38000 416000 624000 78000 156000 156000
61 38000 416000 624000 78000 156000 156000
63 38000 416000 624000 78000 156000 156000
64 38000 416000 624000 78000 156000 156000
65 38000 416000 624000 78000 156000 156000
66 38000 416000 624000 78000 156000 156000
67 38000 416000 624000 78000 156000 156000
68 38000 416000 624000 78000 156000 156000
69 38000 416000 624000 78000 156000 156000
70 38000 416000 624000 78000 156000 156000
71 38000 416000 624000 78000 156000 156000
72 38000 416000 624000 78000 156000 156000
73 38000 416000 624000 78000 156000 156000
74 38000 416000 624000 78000 156000 156000
75 38000 416000 624000 78000 156000 156000
76 38000 416000 624000 78000 156000 156000
77 38000 416000 624000 78000 156000 156000
78 38000 416000 624000 78000 156000 156000
79 38000 416000 624000 78000 156000 156000
80 38000 416000 624000 78000 156000 156000
81 38000 416000 624000 78000 156000 156000
82 38000 416000 624000 78000 156000 156000
83 38000 416000 624000 78000 156000 156000
85 38000 416000 624000 78000 156000 156000
86 38000 416000 624000 78000 156000 156000
87 38000 416000 624000 78000 156000 156000
88 38000 416000 624000 78000 156000 156000
89 37000 416000 624000 78000 156000 156000
90 37000 416000 624000 78000 156000 156000
91 37000 416000 624000 78000 156000 156000
92 37000 416000 624000 78000 156000 156000
93 37000 416000 624000 78000 156000 156000
94 37000 416000 624000 78000 156000 156000
95 37000 416000 624000 78000 156000 156000
96 37000 416000 624000 78000 156000 156000
97 37000 416000 624000 78000 156000 156000
98 37000 416000 624000 78000 156000 156000
99 37000 416000 624000 78000 156000 156000
100 37000 416000 624000 78000 156000 156000
101 37000 416000 624000 78000 156000 156000
102 37000 416000 624000 78000 156000 156000
103 37000 416000 624000 78000 156000 156000
104 37000 416000 624000 78000 156000 156000
105 37000 416000 624000 78000 156000 156000
107 37000 416000 624000 78000 156000 156000
108 37000 416000 624000 78000 156000 156000
109 37000 416000 624000 78000 156000 156000
110 37000 416000 624000 78000 156000 156000
111 37000 416000 624000 78000 156000 156000
112 37000 416000 624000 78000 156000 156000
113 37000 416000 624000 78000 156000 156000
114 37000 416000 624000 78000 156000 156000
115 37000 416000 624000 78000 156000 156000
116 37000 416000 624000 78000 156000 156000
117 37000 416000 624000 78000 156000 156000
118 37000 416000 624000 78000 156000 156000
119 37000 416000 624000 78000 156000 156000
120 37000 416000 624000 78000 156000 156000
121 37000 416000 624000 78000 156000 156000
122 37000 416000 624000 78000 156000 156000
123 37000 416000 624000 78000 156000 156000
124 37000 416000 624000 78000 156000 156000
125 37000 416000 624000 78000 156000 156000
126 37000 416000 624000 78000 156000 156000
128 37000 416000 624000 78000 156000 156000
129 37000 624000 832000 78000 156000 156000
130 37000 416000 624000 78000 156000 156000
131 37000 416000 624000 78000 156000 156000
132 37000 416000 624000 78000 156000 156000
133 37000 416000 624000 78000 156000 156000
134 37000 416000 624000 78000 156000 156000
135 37000 416000 624000 78000 156000 156000
136 37000 416000 624000 78000 156000 156000
137 37000 416000 624000 78000 156000 156000
138 37000 416000 624000 78000 156000 156000
139 37000 416000 624000 78000 156000 156000
140 37000 416000 624000 78000 156000 156000
141 37000 416000 624000 78000 156000 156000
142 37000 416000 624000 78000 156000 156000
143 37000 416000 624000 78000 156000 156000
144 37000 416000 624000 78000 156000 156000
145 37000 416000 624000 78000 156000 156000
146 37000 416000 624000 78000 156000 156000
147 37000 416000 624000 78000 156000 156000
149 37000 416000 624000 78000 156000 156000
150 37000 416000 624000 78000 156000 156000
151 37000 416000 624000 78000 156000 156000
152 37000 416000 624000 78000 156000 156000
153 37000 416000 624000 78000 156000 156000
154 37000 416000 624000 78000 156000 156000
155 37000 416000 624000 78000 156000 156000
156 37000 416000 624000 78000 156000 156000
157 37000 416000 624000 78000 156000 156000
158 37000 416000 624000 78000 156000 156000
159 37000 416000 624000 78000 156000 156000
160 37000 416000 624000 78000 156000 156000
161 37000 416000 624000 78000 156000 156000
162 37000 416000 624000 78000 156000 156000
163 37000 416000 624000 78000 156000 156000
164 37000 416000 624000 78000 156000 156000
165 37000 416000 624000 78000 156000 156000
166 37000 416000 624000 78000 156000 156000
167 37000 416000 624000 78000 156000 156000
168 37000 416000 624000 78000 156000 156000
170 37000 416000 624000 78000 156000 156000
171 37000 416000 624000 78000 156000 156000
172 37000 416000 624000 78000 156000 156000
173 37000 416000 624000 78000 156000 156000
174 37000 416000 624000 78000 156000 156000
175 37000 416000 624000 78000 156000 156000
176 37000 416000 624000 78000 156000 156000
177 37000 416000 624000 78000 156000 156000
178 37000 416000 624000 78000 156000 156000
179 37000 416000 624000 78000 156000 156000
180 37000 416000 624000 78000 156000 156000
181 37000 416000 624000 78000 156000 156000
182 37000 416000 624000 78000 156000 156000
183 37000 416000 624000 78000 156000 156000
184 37000 416000 624000 78000 156000 156000
185 37000 416000 624000 78000 156000 156000
186 37000 416000 624000 78000 156000 156000
187 37000 416000 624000 78000 156000 156000
188 37000 416000 624000 78000 156000 156000
189 37000 416000 624000 78000 156000 156000
190 37000 416000 624000 78000 156000 156000
192 37000 416000 624000 78000 156000 156000
193 37000 416000 624000 78000 156000 156000
194 37000 416000 624000 78000 156000 156000
195 37000 416000 624000 78000 156000 156000
196 37000 416000 624000 78000 156000 156000
197 37000 416000 624000 78000 156000 156000
198 37000 416000 624000 78000 156000 156000
199 37000 416000 624000 78000 156000 156000
200 37000 416000 624000 78000 156000 156000
201 37000 416000 624000 78000 156000 156000
202 36000 416000 624000 78000 156000 156000
203 36000 416000 624000 78000 156000 156000
204 36000 416000 624000 78000 156000 156000
205 36000 416000 624000 78000 156000 156000
206 36000 416000 624000 78000 156000 156000
207 36000 416000 624000 78000 156000 156000
208 36000 416000 624000 78000 156000 156000
209 36000 416000 624000 78000 156000 156000
210 36000 416000 624000 78000 156000 156000
211 36000 416000 624000 78000 156000 156000
213 36000 416000 624000 78000 156000 156000
214 36000 416000 624000 78000 156000 156000
215 36000 416000 624000 78000 156000 156000
216 36000 416000 624000 78000 156000 156000
217 36000 416000 624000 78000 156000 156000
218 36000 416000 624000 78000 156000 156000
219 36000 416000 624000 78000 156000 156000
220 36000 416000 624000 78000 156000 156000
221 36000 416000 624000 78000 156000 156000
222 36000 416000 624000 78000 156000 156000
223 36000 416000 624000 78000 156000 156000
224 36000 416000 624000 78000 156000 156000
225 36000 416000 624000 78000 156000 156000
226 36000 416000 624000 78000 156000 156000
227 36000 416000 624000 78000 156000 156000
228 36000 416000 624000 78000 156000 156000
229 36000 416000 624000 78000 156000 156000
230 36000 416000 624000 78000 156000 156000
231 36000 416000 624000 78000 156000 156000
232 36000 416000 624000 78000 156000 156000
233 36000 416000 624000 78000 156000 156000
235 36000 416000 624000 78000 156000 156000
236 36000 416000 624000 78000 156000 156000
237 36000 416000 624000 78000 156000 156000
238 36000 416000 624000 78000 156000 156000
239 36000 416000 624000 78000 156000 156000
240 36000 416000 624000 78000 156000 156000
241 36000 416000 624000 78000 156000 156000
242 36000 416000 624000 78000 156000 156000
243 36000 416000 624000 78000 156000 156000
244 36000 416000 624000 78000 156000 156000
245 36000 416000 624000 78000 156000 156000
246 36000 416000 624000 78000 156000 156000
247 36000 416000 624000 78000 156000 156000
248 36000 416000 624000 78000 156000 156000
249 36000 416000 624000 78000 156000 156000
250 36000 416000 624000 78000 156000 156000
251 36000 416000 624000 78000 156000 156000
252 36000 416000 624000 78000 156000 156000
253 36000 416000 624000 78000 156000 156000
254 36000 416000 624000 78000 156000 156000
256 36000 416000 624000 78000 156000 156000
257 36000 416000 624000 78000 156000 156000
258 36000 416000 624000 78000 156000 156000
259 36000 416000 624000 78000 156000 156000
260 36000 416000 624000 78000 156000 156000
261 36000 416000 624000 78000 156000 156000
262 36000 416000 624000 78000 156000 156000
263 36000 416000 624000 78000 156000 156000
264 36000 416000 624000 78000 156000 156000
265 36000 416000 624000 78000 156000 156000
266 36000 416000 624000 78000 156000 156000
267 36000 416000 624000 78000 156000 156000
268 36000 416000 624000 78000 156000 156000
269 36000 416000 624000 78000 156000 156000
270 36000 416000 624000 78000 156000 156000
271 36000 416000 624000 78000 156000 156000
272 36000 416000 624000 78000 156000 156000
273 36000 416000 624000 78000 156000 156000
274 36000 416000 624000 78000 156000 156000
275 36000 416000 624000 78000 156000 156000
277 36000 416000 624000 78000 156000 156000
278 36000 416000 624000 78000 156000 156000
279 36000 416000 624000 78000 156000 156000
280 36000 416000 624000 78000 156000 156000
281 36000 416000 624000 78000 156000 156000
282 36000 416000 624000 78000 156000 156000
283 36000 416000 624000 78000 156000 156000
284 36000 624000 1057000 312000 156000 528000
285 40000 416000 624000 78000 156000 156000
286 42000 416000 624000 78000 312000 416000
287 41000 416000 624000 78000 156000 312000
288 42000 416000 624000 78000 312000 528000
289 43000 416000 624000 78000 312000 416000
290 45000 416000 624000 78000 624000 416000
291 46000 416000 832000 78000 156000 312000
292 45000 416000 624000 78000 312000 416000
293 44000 416000 624000 78000 156000 312000
294 44000 416000 624000 78000 156000 312000
295 44000 416000 624000 78000 156000 312000
297 44000 416000 624000 78000 312000 416000
298 43000 416000 624000 78000 156000 312000
299 45000 416000 624000 78000 624000 416000
300 44000 832000 1248000 78000 156000 416000
301 45000 624000 832000 78000 156000 416000
302 45000 624000 832000 78000 156000 416000
303 45000 416000 624000 78000 156000 312000
304 45000 416000 624000 78000 156000 416000
305 45000 416000 624000 78000 156000 312000
306 45000 416000 832000 78000 156000 528000
307 45000 416000 624000 78000 156000 416000
308 46000 624000 832000 78000 156000 312000
309 46000 624000 832000 78000 156000 312000
310 46000 416000 832000 78000 156000 416000
311 45000 416000 624000 78000 156000 312000
312 45000 416000 624000 78000 156000 416000
313 45000 416000 624000 78000 156000 312000
314 45000 416000 624000 78000 156000 312000
315 45000 624000 832000 78000 156000 312000
316 45000 416000 624000 78000 156000 416000
318 45000 416000 624000 78000 156000 416000
319 46000 416000 624000 78000 156000 312000
320 46000 624000 832000 78000 156000 416000
321 46000 624000 832000 78000 156000 312000
322 46000 624000 832000 78000 156000 416000
323 46000 624000 832000 78000 156000 312000
324 46000 624000 832000 78000 156000 416000
325 46000 624000 832000 78000 156000 416000
326 46000 624000 832000 78000 156000 416000
327 46000 416000 624000 78000 156000 312000
328 46000 624000 832000 78000 156000 416000
329 46000 624000 832000 78000 156000 416000
330 46000 416000 624000 78000 312000 312000
331 46000 416000 416000 78000 156000 312000
332 46000 624000 832000 78000 156000 416000
333 46000 416000 416000 78000 156000 312000
334 47000 416000 624000 78000 156000 312000
335 46000 416000 416000 78000 156000 312000
336 47000 416000 416000 78000 156000 312000
337 47000 416000 624000 78000 156000 312000
338 47000 624000 832000 78000 156000 416000
340 47000 416000 624000 78000 156000 312000
341 47000 624000 832000 78000 156000 416000
342 47000 624000 832000 78000 156000 312000
343 47000 416000 624000 78000 156000 312000
344 47000 416000 624000 78000 156000 312000
345 47000 416000 624000 78000 156000 312000
346 47000 624000 832000 78000 156000 312000
347 47000 416000 832000 78000 156000 312000
348 47000 416000 624000 78000 156000 416000
349 47000 416000 624000 78000 156000 312000
350 47000 624000 832000 78000 156000 528000
351 48000 624000 832000 78000 156000 416000
352 47000 624000 832000 78000 156000 312000
353 47000 624000 832000 78000 156000 312000
354 47000 416000 624000 78000 156000 528000
355 48000 416000 624000 78000 156000 312000
356 47000 624000 832000 78000 156000 528000
357 47000 416000 624000 78000 156000 312000
358 47000 416000 624000 78000 156000 416000
359 47000 416000 624000 78000 156000 312000
361 47000 416000 624000 78000 156000 416000
362 47000 416000 624000 78000 156000 528000
363 48000 416000 624000 78000 156000 312000
364 47000 416000 624000 78000 156000 312000
365 47000 416000 624000 78000 156000 416000
366 47000 416000 624000 78000 156000 312000
367 47000 624000 832000 78000 156000 416000
368 48000 624000 832000 78000 156000 416000
369 47000 416000 624000 78000 156000 312000
370 47000 416000 624000 78000 156000 416000
371 47000 416000 416000 78000 156000 416000
372 47000 416000 624000 78000 156000 312000
373 48000 416000 624000 78000 156000 312000
374 47000 416000 624000 78000 156000 312000
375 48000 416000 624000 78000 156000 312000
376 47000 416000 624000 78000 156000 312000
377 47000 416000 624000 78000 156000 312000
378 47000 416000 624000 78000 156000 312000
379 47000 624000 832000 78000 156000 416000
380 47000 416000 624000 78000 156000 416000
382 47000 416000 624000 78000 156000 312000
383 48000 416000 832000 78000 156000 528000
384 48000 624000 832000 78000 156000 416000
385 48000 416000 832000 78000 156000 416000
386 48000 624000 832000 78000 156000 312000
387 47000 416000 624000 78000 156000 416000
388 48000 416000 624000 78000 156000 312000
389 48000 416000 624000 78000 156000 312000
390 48000 624000 832000 78000 156000 312000
391 48000 416000 624000 78000 156000 416000
392 48000 416000 624000 78000 156000 312000
393 48000 624000 832000 78000 156000 416000
394 48000 624000 832000 78000 156000 528000
395 48000 624000 832000 78000 156000 528000
396 48000 624000 832000 78000 156000 528000
397 48000 416000 624000 78000 156000 312000
398 48000 416000 624000 78000 156000 312000
399 48000 416000 624000 78000 156000 416000
400 48000 416000 624000 78000 156000 312000
401 48000 416000 624000 78000 156000 312000
403 48000 416000 624000 78000 156000 312000
404 48000 624000 832000 78000 156000 416000
405 48000 624000 832000 78000 156000 416000
406 49000 416000 624000 78000 156000 312000
407 48000 416000 624000 78000 156000 312000
408 48000 624000 832000 78000 156000 528000
409 49000 624000 1057000 78000 156000 416000
410 48000 416000 624000 78000 156000 312000
411 48000 624000 832000 78000 156000 416000
412 48000 624000 832000 78000 312000 528000
413 48000 624000 1057000 78000 312000 528000
414 48000 624000 832000 78000 156000 528000
415 49000 416000 624000 78000 156000 416000
416 48000 624000 832000 78000 156000 312000
417 48000 624000 832000 78000 156000 528000
418 48000 416000 624000 78000 156000 312000
419 49000 624000 832000 78000 156000 528000
420 48000 624000 832000 78000 156000 312000
421 48000 416000 832000 78000 156000 312000
422 48000 624000 832000 78000 156000 312000
423 48000 416000 624000 78000 156000 312000
424 48000 416000 624000 78000 156000 312000
425 48000 624000 832000 78000 156000 416000
427 48000 416000 624000 78000 156000 312000
428 49000 624000 832000 78000 156000 528000
429 49000 624000 832000 78000 156000 416000
430 48000 416000 624000 78000 156000 312000
431 49000 624000 832000 78000 156000 416000
432 48000 416000 624000 78000 156000 312000
433 49000 624000 832000 78000 156000 416000
434 49000 624000 832000 78000 156000 416000
435 49000 624000 832000 78000 156000 312000
436 48000 416000 416000 78000 156000 312000
437 48000 416000 624000 78000 156000 312000
438 49000 416000 624000 78000 156000 312000
439 48000 624000 832000 78000 156000 416000
440 49000 416000 624000 78000 156000 312000
441 48000 416000 416000 78000 156000 312000
442 48000 416000 416000 78000 156000 312000
443 48000 624000 832000 78000 156000 312000
444 48000 416000 624000 78000 156000 312000
445 48000 416000 624000 78000 156000 312000
446 48000 416000 624000 78000 156000 312000
447 48000 416000 624000 78000 156000 312000
449 49000 416000 624000 78000 156000 416000
450 49000 416000 624000 78000 156000 312000
451 48000 624000 832000 78000 156000 416000
452 48000 416000 624000 78000 156000 416000
453 50000 416000 624000 78000 156000 312000
454 49000 624000 832000 78000 156000 312000
455 48000 416000 624000 78000 156000 312000
456 49000 624000 832000 78000 156000 528000
457 49000 416000 624000 78000 156000 416000
458 49000 416000 624000 78000 156000 312000
459 50000 416000 624000 78000 156000 416000
460 49000 416000 832000 78000 156000 416000
461 49000 416000 832000 78000 156000 416000
462 49000 416000 624000 78000 156000 312000
463 49000 416000 624000 78000 156000 312000
464 50000 416000 624000 78000 156000 312000
465 49000 416000 624000 78000 156000 416000
466 49000 416000 624000 78000 156000 312000
467 49000 624000 1057000 78000 156000 416000
469 49000 416000 624000 78000 156000 312000
470 49000 624000 832000 78000 156000 416000
471 49000 416000 624000 78000 156000 312000
472 49000 624000 832000 78000 156000 416000
473 49000 624000 832000 78000 156000 416000
474 49000 624000 624000 78000 156000 416000
475 49000 416000 624000 78000 156000 312000
476 49000 416000 832000 78000 156000 312000
477 49000 624000 832000 78000 156000 416000
478 49000 624000 832000 78000 156000 528000
479 49000 624000 832000 78000 156000 416000
480 49000 416000 624000 78000 156000 528000
481 49000 416000 624000 78000 156000 416000
482 50000 416000 624000 78000 156000 312000
483 49000 416000 416000 78000 156000 312000
484 49000 416000 624000 78000 156000 312000
485 50000 416000 624000 78000 156000 312000
486 49000 416000 624000 78000 156000 312000
487 51000 832000 1526000 78000 312000 528000
488 51000 416000 624000 78000 156000 312000
489 50000 416000 624000 78000 156000 312000
491 50000 416000 624000 78000 156000 312000
492 49000 416000 624000 78000 156000 312000
493 49000 416000 624000 78000 156000 312000
494 49000 416000 624000 78000 156000 312000
495 49000 416000 624000 78000 156000 312000
496 48000 416000 832000 78000 156000 312000
497 49000 416000 624000 78000 156000 312000
498 48000 416000 624000 78000 156000 312000
499 48000 416000 624000 78000 156000 312000
500 48000 416000 624000 78000 156000 312000
501 48000 416000 624000 78000 312000 312000
502 48000 416000 624000 78000 156000 312000
503 48000 416000 624000 78000 156000 312000
504 48000 416000 624000 78000 156000 312000
505 49000 416000 624000 78000 312000 312000
506 48000 416000 624000 78000 156000 312000
507 49000 416000 624000 78000 312000 312000
508 49000 416000 624000 78000 156000 312000
510 48000 416000 624000 78000 156000 416000
511 49000 416000 624000 78000 156000 312000
512 48000 416000 624000 78000 156000 312000
513 48000 416000 624000 78000 156000 312000
514 50000 832000 1526000 78000 156000 416000
515 49000 416000 624000 78000 156000 312000
516 49000 624000 832000 78000 832000 416000
517 50000 416000 624000 78000 832000 312000
518 52000 416000 624000 78000 312000 312000
519 50000 832000 1526000 78000 156000 416000
520 48000 416000 624000 156000 156000 312000
521 48000 416000 624000 78000 156000 156000
522 46000 416000 624000 78000 156000 156000
523 45000 416000 624000 78000 156000 156000
524 45000 624000 1057000 78000 156000 156000
525 46000 832000 1526000 312000 156000 312000
526 46000 416000 624000 78000 156000 312000
527 46000 416000 624000 78000 156000 312000
528 45000 416000 624000 78000 156000 156000
529 45000 832000 1526000 78000 156000 156000
530 45000 416000 624000 78000 156000 156000
532 44000 416000 624000 78000 156000 156000
533 44000 416000 624000 78000 156000 156000
534 44000 624000 832000 78000 156000 156000
535 43000 832000 1248000 78000 156000 156000
536 44000 416000 624000 156000 156000 312000
537 45000 832000 1248000 416000 832000 528000
538 43000 416000 624000 78000 156000 156000
539 43000 416000 624000 78000 156000 312000
540 43000 416000 624000 78000 156000 156000
541 44000 832000 1526000 416000 832000 528000
542 45000 416000 624000 416000 832000 416000
543 44000 416000 624000 78000 156000 312000
544 43000 416000 624000 78000 156000 156000
545 43000 416000 624000 78000 156000 156000
546 43000 416000 1057000 78000 156000 156000
547 43000 416000 624000 78000 156000 156000
548 43000 832000 1248000 78000 156000 156000
549 43000 416000 624000 78000 156000 156000
550 43000 416000 624000 78000 156000 312000
551 43000 416000 832000 78000 156000 312000
552 43000 416000 624000 78000 156000 156000
553 42000 832000 1526000 78000 156000 156000
554 46000 416000 624000 78000 156000 312000
555 43000 624000 832000 78000 156000 156000
557 42000 416000 624000 78000 156000 156000
558 42000 416000 624000 78000 156000 156000
559 41000 416000 624000 78000 156000 156000
560 41000 416000 624000 78000 156000 156000
561 41000 416000 624000 78000 156000 156000
562 41000 416000 624000 78000 156000 156000
563 40000 416000 624000 78000 156000 156000
564 40000 416000 624000 78000 156000 156000
565 40000 416000 624000 78000 156000 156000
566 40000 416000 624000 78000 156000 156000
567 40000 416000 624000 78000 156000 156000
568 40000 416000 624000 78000 156000 156000
569 40000 416000 624000 78000 156000 156000
570 40000 416000 624000 78000 156000 156000
571 40000 416000 624000 78000 156000 156000
572 40000 416000 624000 78000 156000 156000
573 39000 416000 624000 78000 156000 156000
574 39000 416000 624000 78000 156000 156000
575 39000 416000 624000 78000 156000 156000
576 39000 416000 624000 78000 156000 156000
577 39000 416000 624000 78000 156000 156000
579 39000 416000 624000 78000 156000 156000
580 39000 416000 624000 78000 156000 156000
581 39000 416000 624000 78000 156000 156000
582 39000 416000 624000 78000 156000 156000
583 39000 416000 624000 78000 156000 156000
584 39000 416000 624000 78000 156000 156000
585 38000 416000 624000 78000 156000 156000
586 38000 416000 624000 78000 156000 156000
587 38000 416000 624000 78000 156000 156000
588 38000 416000 624000 78000 156000 156000
589 38000 416000 624000 78000 156000 156000
590 38000 416000 624000 78000 156000 156000
591 38000 416000 624000 78000 156000 156000
592 38000 416000 624000 78000 156000 156000
593 38000 416000 624000 78000 156000 156000
594 38000 416000 624000 78000 156000 156000
595 38000 416000 624000 78000 156000 156000
596 38000 416000 624000 78000 156000 156000
597 38000 416000 624000 78000 156000 156000
598 38000 416000 624000 78000 156000 156000
599 38000 416000 624000 78000 156000 156000
600 38000 416000 624000 78000 156000 156000
602 38000 416000 624000 78000 156000 156000
603 38000 416000 624000 78000 156000 156000
604 38000 416000 624000 78000 156000 156000
605 38000 416000 624000 78000 156000 156000
606 38000 416000 624000 78000 156000 156000
607 38000 416000 624000 78000 156000 156000
608 38000 416000 624000 78000 156000 156000
609 37000 416000 624000 78000 156000 156000
610 37000 416000 624000 78000 156000 156000
611 37000 416000 624000 78000 156000 156000
612 37000 416000 624000 78000 156000 156000
613 37000 416000 624000 78000 156000 156000
614 37000 416000 624000 78000 156000 156000
615 37000 416000 624000 78000 156000 156000
616 37000 416000 624000 78000 156000 156000
617 37000 416000 624000 78000 156000 156000
618 37000 416000 624000 78000 156000 156000
619 37000 416000 624000 78000 156000 156000
620 37000 416000 624000 78000 156000 156000
621 37000 416000 624000 78000 156000 156000
622 37000 416000 624000 78000 156000 156000
624 37000 416000 624000 78000 156000 156000
625 37000 416000 624000 78000 156000 156000
626 37000 416000 624000 78000 156000 156000
627 37000 416000 624000 78000 156000 156000
628 37000 416000 624000 78000 156000 156000
629 37000 416000 624000 78000 156000 156000
630 37000 416000 624000 78000 156000 156000
631 36000 416000 624000 78000 156000 156000
632 36000 416000 624000 78000 156000 156000
633 36000 416000 624000 78000 156000 156000
634 36000 416000 624000 78000 156000 156000
635 36000 416000 624000 78000 156000 156000
636 36000 416000 624000 78000 156000 156000
637 36000 416000 624000 78000 156000 156000
638 36000 416000 624000 78000 156000 156000
639 36000 416000 624000 78000 156000 156000
640 36000 416000 624000 78000 156000 156000
641 36000 416000 624000 78000 156000 156000
642 36000 416000 624000 78000 156000 156000
643 36000 416000 624000 78000 156000 156000
644 36000 416000 624000 78000 156000 156000
645 36000 416000 624000 78000 156000 156000
647 36000 416000 624000 78000 156000 156000
648 36000 416000 624000 78000 156000 156000
649 36000 416000 624000 78000 156000 156000
650 36000 416000 624000 78000 156000 156000
651 36000 416000 624000 78000 156000 156000
652 36000 416000 624000 78000 156000 156000
653 36000 416000 624000 78000 156000 156000
654 36000 416000 624000 78000 156000 156000
655 36000 416000 624000 78000 156000 156000
656 36000 416000 624000 78000 156000 156000
657 36000 416000 624000 78000 156000 156000
658 36000 416000 624000 78000 156000 156000
659 36000 416000 624000 78000 156000 156000
660 36000 416000 624000 78000 156000 156000
661 36000 416000 624000 78000 156000 156000
662 36000 416000 624000 78000 156000 156000
663 36000 416000 624000 78000 156000 156000
664 36000 416000 624000 78000 156000 156000
665 36000 416000 624000 78000 156000 156000
666 36000 416000 624000 78000 156000 156000
667 36000 416000 624000 78000 156000 156000
668 36000 416000 624000 78000 156000 156000
670 36000 416000 624000 78000 156000 156000
671 36000 416000 624000 78000 156000 156000
672 36000 416000 624000 78000 156000 156000
673 36000 416000 624000 78000 156000 156000
674 36000 416000 624000 78000 156000 156000
675 38000 832000 1526000 78000 156000 528000
676 39000 416000 624000 78000 832000 312000
677 38000 416000 624000 78000 156000 156000
678 38000 416000 624000 78000 156000 156000
679 39000 832000 1526000 312000 156000 416000
680 40000 624000 1057000 312000 156000 528000
681 41000 832000 1526000 78000 156000 416000
682 42000 832000 1526000 78000 156000 312000
683 45000 832000 1526000 78000 832000 528000
684 47000 416000 832000 78000 624000 312000
685 46000 624000 832000 78000 624000 416000
686 46000 416000 624000 78000 624000 312000
687 47000 624000 832000 78000 624000 416000
688 45000 416000 624000 78000 156000 312000
689 45000 416000 624000 78000 156000 312000
690 45000 416000 624000 78000 312000 312000
691 45000 624000 832000 78000 312000 312000
692 45000 416000 624000 78000 312000 416000
694 46000 416000 624000 78000 312000 312000
695 45000 416000 624000 78000 312000 312000
696 45000 416000 416000 78000 156000 312000
697 44000 416000 624000 78000 156000 312000
698 44000 624000 832000 78000 156000 416000
699 44000 416000 624000 78000 312000 312000
700 45000 416000 624000 78000 624000 312000
701 46000 416000 832000 78000 624000 312000
702 47000 416000 624000 78000 624000 312000
703 46000 624000 832000 78000 312000 312000
704 46000 416000 624000 78000 312000 312000
705 47000 416000 624000 78000 312000 416000
706 47000 416000 624000 78000 624000 312000
707 46000 624000 832000 78000 156000 312000
708 45000 416000 624000 78000 156000 312000
709 45000 416000 624000 78000 312000 416000
710 45000 416000 624000 78000 156000 312000
711 45000 624000 832000 78000 832000 528000
712 46000 416000 624000 78000 312000 312000
713 46000 416000 624000 78000 312000 416000
715 47000 416000 624000 78000 624000 312000
716 47000 624000 1057000 78000 624000 416000
717 47000 416000 624000 78000 624000 312000
718 48000 416000 624000 78000 624000 312000
719 47000 416000 624000 78000 312000 312000
720 47000 624000 1057000 78000 832000 528000
721 48000 416000 624000 78000 312000 312000
722 47000 416000 624000 78000 312000 528000
723 47000 416000 624000 78000 312000 416000
724 48000 416000 624000 78000 624000 416000
725 48000 416000 624000 78000 312000 312000
726 47000 416000 624000 78000 312000 312000
727 47000 416000 624000 78000 312000 312000
728 47000 624000 832000 78000 312000 312000
729 47000 416000 624000 78000 156000 312000
730 47000 416000 624000 78000 156000 312000
731 46000 416000 624000 78000 156000 312000
732 47000 416000 624000 78000 312000 312000
733 48000 624000 832000 78000 624000 312000
734 48000 624000 832000 78000 312000 312000
736 47000 624000 832000 78000 312000 416000
737 47000 416000 624000 78000 156000 312000
738 47000 416000 624000 78000 312000 416000
739 47000 416000 624000 78000 156000 312000
740 47000 416000 624000 78000 312000 416000
741 47000 624000 832000 78000 156000 312000
742 47000 416000 624000 78000 312000 416000
743 47000 624000 832000 78000 156000 312000
744 48000 624000 832000 78000 312000 416000
745 48000 416000 624000 78000 312000 312000
746 47000 416000 624000 78000 156000 416000
747 47000 624000 832000 78000 312000 312000
748 47000 624000 832000 78000 312000 528000
749 48000 416000 832000 78000 624000 312000
750 48000 624000 832000 78000 624000 416000
751 48000 416000 624000 78000 624000 312000
752 47000 416000 832000 78000 312000 416000
753 48000 416000 624000 78000 156000 312000
754 48000 416000 624000 78000 156000 312000
755 47000 624000 832000 78000 312000 416000
756 48000 416000 624000 78000 312000 312000
757 48000 624000 832000 78000 624000 312000
759 49000 416000 624000 78000 624000 312000
760 50000 416000 624000 78000 624000 312000
761 48000 416000 624000 78000 156000 416000
762 48000 416000 624000 78000 312000 312000
763 48000 416000 624000 78000 312000 312000
764 47000 416000 624000 78000 156000 416000
765 47000 416000 624000 78000 156000 312000
766 47000 624000 832000 78000 156000 416000
767 47000 416000 624000 78000 156000 312000
768 47000 624000 832000 78000 156000 416000
769 47000 416000 624000 78000 156000 312000
770 47000 416000 624000 78000 156000 312000
771 47000 416000 624000 78000 156000 312000
772 47000 624000 832000 78000 156000 416000
773 47000 624000 832000 78000 156000 416000
774 47000 416000 624000 78000 832000 416000
775 48000 416000 624000 78000 312000 312000
776 48000 416000 624000 78000 312000 312000
777 48000 624000 832000 78000 156000 312000
778 47000 416000 624000 78000 312000 416000
779 48000 624000 832000 78000 624000 528000
781 49000 416000 624000 78000 312000 528000
782 48000 416000 624000 78000 156000 312000
783 48000 624000 832000 78000 312000 312000
784 48000 624000 832000 78000 156000 312000
785 48000 416000 624000 78000 312000 416000
786 49000 416000 624000 78000 624000 312000
787 49000 624000 832000 78000 312000 416000
788 50000 416000 624000 78000 624000 416000
789 50000 416000 624000 78000 624000 312000
790 48000 416000 624000 78000 156000 312000
791 49000 416000 624000 78000 156000 312000
792 49000 416000 624000 78000 624000 312000
793 50000 416000 624000 78000 624000 312000
794 49000 416000 624000 78000 312000 312000
795 50000 416000 624000 78000 624000 312000
796 50000 416000 624000 78000 624000 416000
797 48000 416000 624000 78000 156000 416000
798 49000 624000 832000 78000 624000 416000
799 48000 624000 832000 78000 156000 312000
800 48000 416000 624000 78000 624000 312000
802 49000 416000 624000 78000 156000 312000
803 48000 416000 624000 78000 312000 416000
804 48000 416000 624000 78000 312000 312000
805 49000 624000 832000 78000 624000 416000
806 49000 416000 624000 78000 156000 312000
807 48000 416000 624000 78000 156000 312000
808 49000 416000 624000 78000 312000 312000
809 48000 416000 832000 78000 312000 416000
810 49000 416000 624000 78000 832000 312000
811 49000 416000 832000 78000 156000 416000
812 49000 416000 624000 78000 312000 312000
813 50000 416000 832000 78000 156000 416000
814 50000 416000 624000 78000 624000 528000
815 50000 832000 1526000 78000 312000 528000
816 50000 416000 624000 78000 624000 416000
817 51000 416000 832000 78000 156000 312000
818 48000 416000 832000 78000 156000 312000
819 47000 416000 624000 78000 156000 156000
820 45000 416000 624000 78000 156000 156000
821 45000 624000 1057000 78000 156000 156000
822 45000 832000 1526000 78000 156000 528000
823 46000 832000 1526000 312000 156000 312000
825 45000 416000 624000 78000 156000 156000
826 46000 416000 832000 312000 156000 312000
827 45000 416000 624000 78000 156000 156000
828 44000 832000 1526000 78000 156000 156000
829 44000 624000 832000 78000 156000 312000
830 43000 416000 624000 78000 156000 156000
831 43000 416000 624000 78000 156000 156000
832 43000 416000 624000 312000 156000 312000
833 43000 832000 1526000 78000 156000 156000
834 43000 624000 832000 156000 156000 312000
835 43000 624000 832000 312000 156000 416000
836 43000 416000 624000 78000 156000 156000
837 43000 624000 832000 78000 156000 312000
838 42000 416000 624000 78000 156000 156000
839 43000 832000 1526000 312000 156000 528000
840 44000 416000 624000 78000 156000 312000
841 43000 416000 624000 78000 156000 156000
842 42000 416000 624000 78000 156000 156000
843 42000 416000 624000 78000 156000 156000
844 42000 832000 1526000 78000 156000 156000
845 42000 416000 624000 78000 156000 156000
846 42000 416000 624000 312000 156000 312000
847 41000 416000 624000 78000 156000 156000
848 42000 416000 624000 78000 156000 312000
850 42000 832000 1526000 78000 156000 156000
851 42000 416000 624000 78000 156000 156000
852 41000 416000 624000 78000 156000 156000
853 41000 416000 624000 78000 156000 156000
854 41000 624000 1057000 78000 156000 156000
855 42000 416000 832000 312000 156000 416000
856 44000 624000 1057000 78000 156000 416000
857 46000 832000 1526000 78000 156000 528000
858 50000 416000 624000 78000 832000 416000
859 50000 416000 624000 78000 624000 528000
860 49000 416000 624000 78000 624000 312000
861 49000 624000 1057000 78000 624000 416000
862 50000 416000 624000 78000 624000 312000
863 50000 416000 624000 78000 312000 312000
864 49000 624000 832000 78000 312000 312000
865 49000 416000 624000 78000 312000 416000
866 48000 416000 624000 78000 156000 312000
867 48000 416000 624000 78000 156000 416000
868 48000 416000 624000 78000 312000 312000
869 48000 624000 832000 78000 156000 528000
870 48000 624000 832000 78000 624000 416000
871 49000 832000 1526000 78000 156000 528000
873 48000 416000 624000 78000 156000 312000
874 49000 416000 832000 78000 312000 416000
875 48000 416000 624000 78000 156000 312000
876 48000 416000 624000 78000 156000 312000
877 48000 416000 624000 78000 156000 312000
878 48000 416000 624000 78000 312000 312000
879 48000 416000 624000 78000 312000 312000
880 49000 416000 624000 78000 624000 312000
881 48000 416000 624000 78000 624000 312000
882 50000 416000 624000 78000 312000 312000
883 50000 624000 832000 78000 624000 416000
884 50000 624000 832000 78000 832000 528000
885 50000 416000 624000 78000 624000 416000
886 49000 416000 624000 78000 156000 312000
887 48000 416000 416000 78000 156000 312000
888 48000 624000 832000 78000 156000 416000
889 48000 416000 624000 78000 156000 312000
890 48000 416000 624000 78000 156000 312000
891 48000 624000 832000 78000 156000 416000
892 48000 416000 624000 78000 156000 312000
894 48000 416000 624000 78000 312000 416000
895 50000 416000 624000 78000 312000 312000
896 49000 416000 624000 78000 312000 312000
897 49000 416000 624000 78000 312000 312000
898 49000 416000 624000 78000 312000 312000
899 49000 416000 624000 78000 156000 416000
900 49000 416000 624000 78000 312000 312000
901 49000 416000 624000 78000 312000 312000
902 48000 416000 624000 78000 156000 416000
903 48000 416000 624000 78000 156000 312000
904 48000 624000 832000 78000 156000 416000
905 48000 416000 624000 78000 312000 416000
906 49000 416000 624000 78000 156000 416000
907 48000 416000 624000 78000 312000 416000
908 49000 416000 624000 78000 312000 416000
909 50000 416000 832000 78000 624000 528000
910 48000 624000 832000 78000 156000 416000
911 49000 416000 624000 78000 312000 312000
912 48000 416000 624000 78000 156000 312000
914 48000 416000 832000 78000 156000 312000
915 49000 416000 624000 78000 156000 312000
916 48000 416000 624000 78000 156000 416000
917 49000 416000 624000 78000 156000 312000
918 49000 416000 624000 78000 312000 312000
919 49000 416000 624000 78000 624000 312000
920 50000 416000 832000 78000 624000 312000
921 50000 416000 624000 78000 156000 312000
922 49000 624000 832000 78000 312000 528000
923 50000 416000 624000 78000 312000 312000
924 49000 624000 832000 78000 624000 416000
925 50000 416000 624000 78000 624000 312000
926 50000 416000 624000 78000 312000 416000
927 50000 416000 624000 78000 156000 312000
928 49000 624000 832000 78000 312000 416000
929 49000 416000 624000 78000 312000 312000
930 49000 416000 624000 78000 156000 312000
931 49000 416000 624000 78000 156000 312000
932 48000 624000 832000 78000 156000 528000
933 48000 416000 624000 78000 156000 312000
935 49000 624000 624000 78000 312000 416000
936 49000 624000 832000 78000 312000 312000
937 49000 416000 832000 78000 312000 528000
938 49000 416000 624000 78000 312000 312000
939 49000 624000 832000 78000 312000 416000
940 48000 416000 624000 78000 156000 312000
941 49000 624000 832000 78000 312000 416000
942 49000 416000 624000 78000 312000 312000
943 50000 624000 832000 78000 156000 416000
944 49000 416000 624000 78000 156000 312000
945 50000 416000 624000 78000 312000 312000
946 48000 416000 624000 78000 156000 312000
947 49000 416000 624000 78000 156000 312000
948 48000 624000 832000 78000 156000 416000
949 48000 416000 624000 78000 156000 312000
950 48000 624000 832000 78000 312000 416000
951 49000 416000 624000 78000 156000 312000
952 48000 416000 624000 78000 312000 416000
953 49000 624000 624000 78000 312000 416000
954 48000 624000 1057000 78000 156000 528000
956 48000 416000 624000 78000 156000 312000
957 48000 624000 832000 78000 156000 528000
958 48000 416000 624000 78000 156000 312000
959 48000 416000 624000 78000 312000 312000
960 50000 416000 624000 78000 312000 312000
961 48000 416000 624000 78000 156000 416000
962 49000 416000 624000 78000 156000 312000
963 49000 624000 832000 78000 312000 528000
964 48000 624000 832000 78000 312000 416000
965 49000 416000 832000 78000 312000 416000
966 49000 416000 624000 78000 156000 312000
967 50000 416000 624000 78000 624000 416000
968 50000 416000 624000 78000 312000 312000
969 49000 416000 624000 78000 156000 312000
970 49000 832000 1526000 78000 156000 416000
971 49000 624000 832000 78000 156000 528000
972 49000 624000 832000 78000 312000 416000
973 50000 416000 624000 78000 624000 312000
974 50000 416000 624000 78000 312000 312000
976 50000 416000 624000 78000 156000 312000
977 49000 624000 832000 78000 156000 416000
978 51000 416000 624000 78000 624000 312000
979 49000 624000 832000 78000 156000 416000
980 50000 416000 624000 78000 624000 312000
981 49000 416000 624000 78000 156000 312000
982 50000 832000 1526000 78000 312000 416000
983 51000 416000 624000 78000 624000 416000
984 51000 416000 624000 78000 624000 416000
985 51000 624000 832000 78000 312000 416000
986 51000 416000 624000 78000 156000 416000
987 50000 832000 1526000 78000 312000 528000
988 52000 416000 624000 78000 312000 312000
989 50000 624000 832000 78000 156000 528000
990 50000 624000 832000 78000 312000 312000
991 50000 416000 624000 78000 312000 312000
992 50000 416000 624000 78000 156000 312000
993 50000 416000 624000 78000 156000 312000
994 50000 416000 624000 78000 312000 312000
995 50000 416000 624000 78000 312000 312000
996 50000 624000 832000 78000 312000 416000
997 50000 416000 624000 78000 312000 312000
999 49000 416000 624000 78000 312000 312000
1000 50000 416000 832000 78000 156000 312000
1001 50000 416000 624000 78000 156000 312000
1002 49000 416000 624000 78000 312000 416000
1003 49000 416000 624000 78000 156000 312000
1004 49000 416000 624000 78000 156000 312000
1005 49000 416000 624000 78000 156000 312000
1006 49000 416000 624000 78000 156000 312000
1007 49000 416000 624000 78000 312000 312000
1008 50000 624000 832000 78000 312000 312000
1009 50000 416000 624000 78000 312000 312000
1010 49000 416000 624000 78000 156000 312000
1011 49000 624000 832000 78000 312000 312000
1012 50000 416000 624000 78000 624000 312000
1013 50000 624000 832000 78000 156000 312000
1014 49000 416000 624000 78000 312000 312000
1015 50000 624000 1057000 78000 624000 528000
1016 50000 416000 624000 78000 312000 312000
1018 50000 416000 624000 78000 312000 416000
1019 50000 416000 624000 78000 312000 312000
1020 50000 624000 832000 78000 312000 528000
1021 50000 416000 624000 78000 156000 312000
1022 49000 416000 624000 78000 156000 416000
1023 50000 416000 416000 78000 156000 416000
1024 49000 416000 624000 78000 156000 312000
1025 49000 416000 832000 78000 156000 312000
1026 49000 624000 832000 78000 156000 528000
1027 49000 416000 624000 78000 156000 312000
1028 50000 624000 832000 78000 312000 528000
1029 51000 416000 624000 78000 312000 312000
1030 50000 416000 1057000 78000 312000 528000
1031 50000 416000 624000 78000 156000 312000
1032 50000 416000 624000 78000 312000 312000
1033 50000 416000 624000 78000 312000 312000
1034 50000 416000 624000 78000 156000 312000
1035 49000 416000 624000 78000 156000 312000
1036 50000 416000 624000 78000 156000 312000
1037 50000 624000 832000 78000 312000 528000
1038 49000 416000 624000 78000 156000 312000
1040 50000 416000 624000 78000 624000 312000
1041 50000 416000 624000 78000 312000 312000
1042 50000 416000 624000 78000 312000 312000
1043 50000 416000 624000 78000 156000 312000
1044 50000 624000 832000 78000 156000 416000
1045 49000 416000 624000 78000 156000 312000
1046 49000 416000 624000 78000 312000 312000
1047 50000 416000 624000 78000 312000 312000
1048 50000 624000 832000 78000 156000 528000
1049 50000 624000 832000 78000 156000 312000
1050 50000 416000 624000 78000 312000 416000
1051 50000 416000 624000 78000 624000 416000
1052 50000 624000 832000 78000 156000 416000
1053 50000 416000 624000 78000 312000 416000
1054 50000 416000 624000 78000 156000 312000
1055 49000 416000 624000 78000 312000 416000
1056 50000 416000 624000 78000 624000 416000
1057 51000 416000 624000 78000 624000 312000
1058 50000 624000 1057000 78000 312000 528000
1060 50000 416000 624000 78000 312000 312000
1061 50000 416000 624000 78000 156000 312000
1062 50000 416000 624000 78000 312000 312000
1063 50000 624000 832000 78000 156000 416000
1064 49000 416000 624000 78000 156000 312000
1065 49000 624000 832000 78000 312000 416000
1066 50000 416000 624000 78000 312000 312000
1067 51000 416000 624000 78000 624000 312000
1068 51000 416000 832000 78000 832000 528000
1069 51000 416000 624000 78000 624000 312000
1070 50000 624000 832000 78000 156000 416000
1071 51000 624000 832000 78000 312000 528000
1072 50000 416000 624000 78000 312000 416000
1073 51000 416000 624000 78000 312000 312000
1074 50000 624000 832000 78000 624000 312000
1075 51000 416000 624000 78000 312000 312000
1076 51000 416000 624000 78000 312000 528000
1077 50000 624000 832000 78000 312000 312000
1078 50000 416000 624000 78000 312000 416000
1079 50000 416000 624000 78000 312000 312000
1081 50000 624000 832000 78000 312000 416000
1082 50000 416000 624000 78000 156000 312000
1083 50000 416000 832000 78000 156000 312000
1084 50000 624000 832000 78000 312000 416000
1085 50000 416000 624000 78000 312000 528000
1086 50000 416000 624000 78000 312000 312000
1087 50000 624000 832000 78000 156000 312000
1088 49000 416000 624000 78000 156000 312000
1089 50000 416000 624000 78000 156000 416000
1090 50000 416000 624000 78000 156000 312000
1091 50000 624000 832000 78000 312000 416000
1092 50000 416000 624000 78000 312000 312000
1093 49000 416000 624000 78000 156000 312000
1094 51000 416000 624000 78000 624000 312000
1095 51000 624000 832000 78000 624000 416000
1096 50000 416000 624000 78000 156000 312000
1097 50000 416000 624000 78000 156000 416000
1098 50000 624000 832000 78000 312000 416000
1099 50000 416000 624000 78000 312000 416000
1101 50000 416000 624000 78000 156000 312000
1102 50000 416000 624000 78000 156000 312000
1103 50000 416000 624000 78000 156000 416000
1104 50000 416000 624000 78000 312000 312000
1105 49000 416000 832000 78000 156000 312000
1106 50000 624000 832000 78000 312000 416000
1107 50000 624000 832000 78000 312000 312000
1108 50000 416000 624000 78000 312000 312000
1109 50000 624000 832000 78000 312000 528000
1110 50000 416000 624000 78000 312000 312000
1111 50000 416000 624000 78000 312000 528000
1112 50000 416000 624000 78000 156000 312000
1113 49000 416000 624000 78000 312000 312000
1114 49000 416000 624000 78000 156000 416000
1115 50000 416000 624000 78000 156000 416000
1116 49000 416000 624000 78000 156000 312000
1117 49000 416000 624000 78000 156000 416000
1118 49000 416000 624000 78000 156000 312000
1119 49000 624000 832000 78000 156000 416000
1120 50000 416000 624000 78000 624000 312000
1122 50000 416000 624000 78000 156000 312000
1123 50000 416000 624000 78000 312000 312000
1124 50000 416000 624000 78000 312000 312000
1125 50000 624000 832000 78000 156000 416000
1126 50000 416000 624000 78000 624000 312000
1127 50000 624000 832000 78000 312000 416000
1128 50000 416000 624000 78000 156000 312000
1129 50000 416000 624000 78000 312000 312000
1130 50000 416000 624000 78000 156000 312000
1131 49000 624000 832000 78000 156000 528000
1132 49000 416000 624000 78000 312000 416000
1133 50000 416000 624000 78000 156000 312000
1134 49000 416000 624000 78000 156000 312000
1135 50000 416000 624000 78000 156000 312000
1136 50000 416000 624000 78000 312000 416000
1137 50000 416000 624000 78000 312000 312000
1138 50000 624000 832000 78000 156000 416000
1139 50000 416000 624000 78000 312000 312000
1140 50000 416000 624000 78000 156000 312000
1142 50000 624000 832000 78000 312000 528000
1143 50000 416000 624000 78000 156000 312000
1144 50000 624000 832000 78000 312000 416000
1145 50000 416000 624000 78000 156000 312000
1146 50000 416000 624000 78000 312000 312000
1147 50000 416000 624000 78000 312000 312000
1148 50000 416000 624000 78000 156000 312000
1149 50000 416000 624000 78000 624000 312000
1150 50000 416000 624000 78000 312000 312000
1151 50000 416000 624000 78000 312000 312000
1152 50000 416000 624000 78000 156000 312000
1153 50000 416000 624000 78000 156000 312000
1154 50000 624000 832000 78000 312000 312000
1155 50000 416000 624000 78000 312000 312000
1156 50000 624000 832000 78000 312000 416000
1157 49000 416000 624000 78000 156000 312000
1158 50000 416000 624000 78000 312000 312000
1159 49000 416000 832000 78000 312000 416000
1160 50000 624000 832000 78000 312000 416000
1161 50000 416000 624000 78000 312000 416000
1163 50000 416000 624000 78000 156000 312000
1164 50000 416000 624000 78000 156000 416000
1165 49000 416000 624000 78000 156000 312000
1166 49000 416000 832000 78000 312000 528000
1167 50000 416000 624000 78000 312000 312000
1168 50000 416000 624000 78000 156000 312000
1169 49000 416000 624000 78000 156000 312000
1170 49000 416000 624000 78000 156000 416000
1171 50000 416000 624000 78000 312000 312000
1172 50000 416000 624000 78000 624000 312000
1173 51000 416000 624000 78000 312000 312000
1174 50000 624000 832000 78000 312000 528000
1175 50000 416000 624000 78000 156000 312000
1176 50000 624000 832000 78000 312000 528000
1177 49000 416000 624000 78000 156000 312000
1178 50000 416000 624000 78000 156000 312000
1179 50000 624000 832000 78000 624000 416000
1180 51000 416000 624000 78000 624000 312000
1181 51000 416000 624000 78000 312000 312000
1183 50000 416000 624000 78000 312000 312000
1184 51000 416000 832000 78000 312000 416000
1185 50000 624000 832000 78000 156000 528000
1186 50000 416000 624000 78000 156000 312000
1187 50000 416000 624000 78000 156000 312000
1188 50000 416000 624000 78000 156000 312000
1189 50000 416000 624000 78000 312000 312000
1190 51000 416000 832000 78000 832000 416000
1191 50000 416000 624000 78000 312000 312000
1192 51000 416000 832000 78000 156000 416000
1193 50000 416000 624000 78000 156000 416000
1194 50000 624000 832000 78000 156000 528000
1195 50000 416000 624000 78000 312000 312000
1196 50000 416000 624000 78000 156000 312000
1197 50000 624000 832000 78000 156000 416000
1198 50000 416000 624000 78000 156000 416000
1199 50000 624000 832000 78000 156000 416000
1200 50000 416000 624000 78000 156000 416000
1201 50000 416000 624000 78000 156000 416000
1203 50000 416000 624000 78000 312000 312000
1204 51000 416000 624000 78000 624000 312000
1205 50000 416000 624000 78000 156000 312000
1206 50000 416000 624000 78000 156000 312000
1207 50000 416000 624000 78000 312000 312000
1208 50000 416000 624000 78000 156000 312000
1209 50000 416000 624000 78000 156000 312000
1210 50000 416000 624000 78000 156000 312000
1211 50000 416000 624000 78000 156000 312000
1212 49000 624000 832000 78000 156000 528000
1213 50000 416000 624000 78000 156000 416000
1214 49000 624000 832000 78000 156000 312000
1215 49000 416000 624000 78000 156000 312000
1216 50000 416000 624000 78000 312000 416000
1217 50000 624000 832000 78000 312000 528000
1218 50000 624000 832000 78000 312000 528000
1219 50000 416000 624000 78000 156000 312000
1220 50000 416000 624000 78000 312000 416000
1221 50000 624000 832000 78000 312000 416000
1222 50000 624000 832000 78000 156000 528000
1223 50000 416000 624000 78000 312000 416000
1225 50000 624000 832000 78000 312000 528000
1226 50000 416000 624000 78000 156000 312000
1227 50000 416000 624000 78000 312000 416000
1228 50000 416000 624000 78000 156000 312000
1229 50000 624000 832000 78000 156000 416000
1230 49000 624000 832000 78000 156000 528000
1231 50000 416000 624000 78000 156000 312000
1232 49000 416000 624000 78000 156000 312000
1233 49000 416000 624000 78000 156000 416000
1234 50000 416000 624000 78000 156000 312000
1235 50000 416000 624000 78000 624000 312000
1236 50000 416000 624000 78000 312000 312000
1237 51000 416000 416000 78000 312000 312000
1238 50000 416000 624000 78000 156000 312000
1239 50000 416000 624000 78000 156000 312000
1240 50000 416000 624000 78000 156000 312000
1241 50000 416000 624000 78000 156000 312000
1242 50000 416000 416000 78000 156000 416000
1243 50000 416000 624000 78000 156000 312000
1245 50000 416000 832000 78000 156000 416000
1246 50000 416000 624000 78000 156000 312000
1247 50000 416000 624000 78000 624000 312000
1248 52000 416000 624000 78000 624000 416000
1249 51000 624000 832000 78000 156000 312000
1250 50000 416000 624000 78000 156000 312000
1251 50000 416000 624000 78000 312000 312000
1252 51000 416000 624000 78000 156000 312000
1253 50000 624000 832000 78000 312000 416000
1254 50000 416000 624000 78000 156000 312000
1255 50000 624000 832000 78000 156000 416000
1256 50000 416000 624000 78000 156000 416000
1257 50000 624000 832000 78000 156000 416000
1258 50000 416000 624000 78000 156000 312000
1259 50000 416000 832000 78000 312000 312000
1260 50000 416000 624000 78000 312000 312000
1261 51000 416000 832000 78000 312000 528000
1262 50000 624000 832000 78000 312000 312000
1263 51000 416000 624000 78000 624000 416000
1264 50000 416000 624000 78000 156000 312000
1266 50000 416000 624000 78000 312000 416000
1267 51000 416000 416000 78000 156000 416000
1268 51000 416000 624000 78000 156000 312000
1269 50000 416000 624000 78000 312000 312000
1270 51000 416000 624000 78000 312000 312000
1271 50000 416000 624000 78000 156000 312000
1272 50000 624000 832000 78000 156000 312000
1273 50000 416000 624000 78000 156000 416000
1274 50000 624000 832000 78000 312000 312000
1275 50000 624000 832000 78000 156000 416000
1276 50000 416000 624000 78000 156000 416000
1277 50000 416000 624000 78000 312000 416000
1278 50000 416000 624000 78000 156000 312000
1279 50000 416000 624000 78000 156000 312000
1280 50000 416000 624000 78000 156000 312000
1281 51000 624000 832000 78000 156000 416000
1282 50000 416000 624000 78000 156000 312000
1283 50000 416000 624000 78000 156000 312000
1284 50000 416000 624000 78000 156000 312000
1286 50000 416000 832000 78000 156000 416000
1287 50000 416000 624000 78000 156000 416000
1288 50000 416000 624000 78000 312000 416000
1289 50000 416000 624000 78000 156000 312000
1290 50000 416000 624000 78000 312000 416000
1291 50000 416000 624000 78000 156000 416000
1292 50000 416000 832000 78000 156000 528000
1293 50000 416000 624000 78000 156000 416000
1294 50000 624000 832000 78000 156000 528000
1295 50000 832000 1526000 78000 624000 528000
1296 50000 624000 1057000 78000 156000 416000
1297 53000 624000 832000 78000 624000 416000
1298 52000 624000 832000 78000 624000 416000
1299 52000 416000 624000 78000 312000 312000
1300 52000 416000 624000 78000 624000 528000
1301 52000 416000 624000 78000 624000 312000
1302 52000 416000 624000 78000 832000 416000
1303 52000 416000 624000 78000 624000 312000
1304 51000 416000 624000 78000 312000 416000
1305 51000 416000 624000 78000 156000 312000
1307 51000 416000 624000 78000 312000 312000
1308 51000 416000 624000 78000 312000 416000
1309 52000 416000 624000 78000 312000 312000
1310 52000 624000 832000 78000 156000 416000
1311 51000 416000 624000 78000 156000 312000
1312 51000 416000 624000 78000 832000 416000
1313 52000 416000 624000 78000 832000 416000
1314 53000 416000 624000 78000 832000 416000
1315 52000 416000 832000 78000 832000 528000
1316 52000 624000 1057000 78000 832000 312000
1317 53000 416000 624000 78000 312000 312000
1318 52000 416000 832000 78000 624000 416000
1319 52000 416000 832000 78000 156000 312000
1320 52000 416000 624000 78000 624000 416000
1321 52000 624000 832000 78000 312000 416000
1322 51000 416000 624000 78000 156000 312000
1323 51000 624000 832000 78000 312000 312000
1324 50000 624000 832000 78000 156000 416000
1325 51000 416000 624000 78000 156000 312000
1326 51000 624000 832000 78000 312000 312000
1328 52000 416000 624000 78000 624000 312000
1329 52000 416000 624000 78000 624000 416000
1330 50000 416000 624000 78000 156000 312000
1331 51000 416000 832000 78000 156000 528000
1332 50000 624000 832000 78000 312000 528000
1333 50000 416000 832000 78000 312000 528000
1334 50000 416000 832000 78000 312000 528000
1335 51000 416000 624000 78000 624000 416000
1336 51000 416000 624000 78000 312000 312000
1337 51000 416000 624000 78000 156000 312000
1338 50000 624000 832000 78000 156000 416000
1339 50000 416000 624000 78000 156000 416000
1340 50000 416000 624000 78000 156000 312000
1341 51000 416000 624000 78000 156000 312000
1342 50000 416000 624000 78000 312000 312000
1343 51000 416000 624000 78000 156000 312000
1344 50000 416000 624000 78000 312000 312000
1345 50000 416000 832000 78000 312000 312000
1346 50000 624000 832000 78000 312000 416000
1347 50000 416000 624000 78000 312000 312000
1349 51000 624000 832000 78000 156000 416000
1350 51000 416000 624000 78000 312000 312000
1351 50000 416000 624000 78000 312000 416000
1352 51000 416000 624000 78000 312000 312000
1353 50000 416000 624000 78000 156000 416000
1354 50000 416000 624000 78000 156000 312000
1355 50000 624000 832000 78000 312000 528000
1356 50000 416000 624000 78000 156000 312000
1357 50000 416000 832000 78000 312000 416000
1358 50000 624000 832000 78000 312000 416000
1359 50000 416000 624000 78000 312000 312000
1360 50000 624000 832000 78000 156000 312000
1361 50000 416000 624000 78000 156000 312000
1362 50000 416000 624000 78000 156000 416000
1363 50000 416000 624000 78000 312000 312000
1364 50000 416000 624000 78000 312000 312000
1365 52000 416000 624000 78000 624000 312000
1366 51000 416000 624000 78000 312000 312000
1367 52000 416000 624000 78000 624000 312000
1369 54000 624000 832000 78000 832000 416000
1370 52000 416000 624000 78000 312000 312000
1371 53000 416000 624000 78000 624000 416000
1372 54000 416000 832000 78000 624000 416000
1373 54000 416000 624000 78000 624000 416000
1374 53000 624000 832000 78000 312000 416000
1375 52000 416000 624000 78000 312000 312000
1376 51000 416000 624000 78000 156000 312000
1377 51000 624000 832000 78000 156000 528000
1378 52000 416000 624000 78000 156000 416000
1379 50000 416000 832000 78000 156000 416000
1380 51000 416000 624000 78000 156000 312000
1381 50000 416000 624000 78000 156000 416000
1382 50000 416000 624000 78000 156000 312000
1383 50000 416000 624000 78000 156000 312000
1384 50000 416000 624000 78000 156000 312000
1385 51000 416000 624000 78000 312000 312000
1386 51000 416000 624000 78000 312000 312000
1387 51000 624000 832000 78000 156000 416000
1389 52000 416000 624000 78000 624000 312000
1390 52000 416000 624000 78000 312000 416000
1391 51000 624000 1057000 78000 312000 528000
1392 52000 416000 624000 78000 832000 416000
1393 52000 416000 624000 78000 156000 312000
1394 52000 416000 624000 78000 312000 312000
1395 53000 416000 624000 78000 624000 416000
1396 53000 624000 832000 78000 832000 528000
1397 53000 416000 624000 78000 624000 416000
1398 53000 624000 832000 78000 624000 416000
1399 52000 624000 832000 78000 312000 528000
1400 52000 416000 624000 78000 156000 312000
1401 51000 624000 832000 78000 156000 312000
1402 51000 416000 624000 78000 156000 312000
1403 51000 416000 832000 78000 312000 416000
1404 53000 416000 624000 78000 624000 416000
1405 52000 624000 832000 78000 312000 528000
1406 51000 416000 832000 78000 312000 416000
1407 51000 416000 624000 78000 312000 416000
1408 51000 624000 832000 78000 312000 528000
1410 51000 416000 624000 78000 156000 312000
1411 50000 416000 624000 78000 156000 416000
1412 50000 416000 624000 78000 156000 312000
1413 51000 624000 832000 78000 156000 416000
1414 51000 416000 832000 78000 312000 416000
1415 51000 624000 624000 78000 312000 416000
1416 51000 416000 624000 78000 312000 416000
1417 50000 416000 624000 78000 156000 312000
1418 50000 416000 624000 78000 156000 312000
1419 50000 624000 832000 78000 312000 416000
1420 51000 416000 624000 78000 156000 312000
1421 51000 416000 624000 78000 156000 312000
1422 50000 416000 624000 78000 156000 312000
1423 51000 416000 624000 78000 156000 416000
1424 50000 416000 624000 78000 312000 312000
1425 51000 624000 832000 78000 156000 416000
1426 51000 624000 832000 78000 312000 528000
1427 52000 624000 832000 78000 312000 528000
1428 51000 416000 624000 78000 312000 312000
1429 50000 416000 624000 78000 156000 416000
1431 50000 624000 832000 78000 312000 416000
1432 51000 416000 624000 78000 156000 312000
1433 50000 624000 832000 78000 312000 312000
1434 51000 416000 624000 78000 156000 416000
1435 50000 624000 832000 78000 156000 416000
1436 50000 416000 624000 78000 312000 416000
1437 51000 416000 624000 78000 312000 416000
1438 50000 416000 624000 78000 312000 312000
1439 50000 416000 832000 78000 156000 416000
1440 50000 416000 624000 78000 156000 312000
1441 50000 416000 624000 78000 312000 312000
1442 51000 416000 624000 78000 156000 312000
1443 50000 416000 624000 78000 312000 312000
1444 51000 416000 624000 78000 312000 416000
1445 50000 416000 624000 78000 156000 312000
1446 50000 416000 624000 78000 156000 528000
1447 51000 416000 624000 78000 156000 312000
1448 50000 416000 624000 78000 312000 312000
1449 50000 624000 832000 78000 312000 416000
1451 50000 416000 624000 78000 156000 312000
1452 51000 416000 624000 78000 156000 312000
1453 51000 832000 1526000 78000 312000 416000
1454 52000 624000 832000 78000 156000 312000
1455 52000 416000 624000 78000 312000 416000
1456 52000 624000 832000 78000 832000 416000
1457 52000 416000 624000 312000 156000 312000
1458 50000 832000 1526000 78000 156000 312000
1459 48000 416000 624000 78000 156000 156000
1460 48000 416000 624000 78000 156000 156000
1461 48000 832000 1526000 78000 156000 156000
1462 48000 832000 1526000 78000 156000 156000
1463 48000 624000 832000 156000 156000 312000
1464 47000 832000 1248000 78000 156000 156000
1465 47000 416000 624000 78000 156000 312000
1466 46000 416000 624000 78000 156000 156000
1467 46000 416000 624000 78000 156000 156000
1468 46000 416000 624000 78000 156000 156000
1469 45000 832000 1526000 78000 156000 156000
1470 45000 624000 1057000 78000 156000 312000
1471 45000 416000 624000 78000 156000 156000
1472 45000 416000 624000 78000 156000 156000
1474 45000 416000 624000 312000 156000 312000
1475 45000 416000 624000 78000 156000 156000
1476 45000 416000 624000 78000 156000 312000
1477 45000 416000 624000 78000 156000 312000
1478 44000 416000 624000 78000 156000 156000
1479 47000 624000 1057000 78000 156000 312000
1480 45000 624000 832000 78000 156000 312000
1481 45000 416000 624000 78000 156000 156000
1482 45000 832000 1526000 78000 156000 156000
1483 44000 416000 624000 78000 156000 156000
1484 44000 416000 624000 312000 156000 312000
1485 44000 832000 1526000 312000 156000 416000
1486 44000 416000 624000 78000 156000 156000
1487 44000 416000 624000 78000 156000 312000
1488 44000 416000 624000 78000 156000 312000
1489 44000 416000 624000 78000 156000 156000
1490 43000 416000 832000 78000 156000 156000
1491 47000 624000 624000 78000 624000 312000
1492 45000 416000 624000 78000 156000 156000
1493 43000 416000 624000 78000 156000 156000
1494 43000 416000 624000 78000 156000 156000
1496 43000 416000 624000 78000 156000 156000
1497 42000 624000 1057000 78000 156000 156000
1498 42000 416000 624000 78000 156000 156000
1499 42000 416000 624000 78000 156000 156000
1500 41000 416000 624000 78000 156000 156000
1501 41000 416000 624000 78000 156000 156000
1502 41000 416000 624000 78000 156000 156000
1503 41000 416000 624000 78000 156000 156000
1504 41000 416000 624000 78000 156000 156000
1505 41000 416000 624000 78000 156000 156000
1506 41000 416000 624000 78000 156000 156000
1507 41000 416000 624000 78000 156000 156000
1508 41000 416000 624000 78000 156000 156000
1509 40000 416000 624000 78000 156000 156000
1510 40000 416000 624000 78000 156000 156000
1511 40000 416000 624000 78000 156000 156000
1512 40000 416000 624000 78000 156000 156000
1513 40000 416000 624000 78000 156000 156000
1514 40000 416000 624000 78000 156000 156000
1515 40000 416000 624000 78000 156000 156000
1516 40000 416000 624000 78000 156000 156000
1517 40000 416000 624000 78000 156000 156000
1518 40000 416000 624000 78000 156000 156000
1520 40000 416000 624000 78000 156000 156000
1521 40000 416000 624000 78000 156000 156000
1522 40000 624000 1057000 78000 156000 156000
1523 40000 416000 624000 78000 156000 156000
1524 40000 416000 624000 78000 156000 156000
1525 40000 416000 624000 78000 156000 156000
1526 39000 416000 624000 78000 156000 156000
1527 39000 416000 624000 78000 156000 156000
1528 39000 416000 624000 78000 156000 156000
1529 39000 416000 624000 78000 156000 156000
1530 39000 416000 624000 78000 156000 156000
1531 39000 416000 624000 78000 156000 156000
1532 39000 416000 624000 78000 156000 156000
1533 39000 416000 624000 78000 156000 156000
1534 39000 416000 624000 78000 156000 156000
1535 39000 416000 624000 78000 156000 156000
1536 39000 416000 624000 78000 156000 156000
1537 39000 416000 624000 78000 156000 156000
1538 39000 416000 624000 78000 156000 156000
1539 39000 416000 624000 78000 156000 156000
1540 38000 416000 624000 78000 156000 156000
1541 38000 416000 624000 78000 156000 156000
1543 38000 416000 624000 78000 156000 156000
1544 38000 416000 624000 78000 156000 156000
1545 38000 416000 624000 78000 156000 156000
1546 38000 416000 624000 78000 156000 156000
1547 38000 416000 624000 78000 156000 156000
1548 38000 416000 624000 78000 156000 156000
1549 38000 416000 624000 78000 156000 156000
1550 38000 416000 624000 78000 156000 156000
1551 38000 416000 624000 78000 156000 156000
1552 38000 416000 624000 78000 156000 156000
1553 38000 416000 624000 78000 156000 156000
1554 38000 416000 624000 78000 156000 156000
1555 38000 416000 624000 78000 156000 156000
1556 38000 416000 624000 78000 156000 156000
1557 38000 416000 624000 78000 156000 156000
1558 38000 416000 624000 78000 156000 156000
1559 38000 416000 624000 78000 156000 156000
1560 38000 416000 624000 78000 156000 156000
1561 38000 416000 624000 78000 156000 156000
1562 38000 416000 624000 78000 156000 156000
1563 38000 416000 624000 78000 156000 156000
1565 38000 416000 624000 78000 156000 156000
1566 38000 416000 624000 78000 156000 156000
1567 38000 416000 624000 78000 156000 156000
1568 38000 416000 624000 78000 156000 156000
1569 37000 416000 624000 78000 156000 156000
1570 38000 416000 624000 78000 156000 156000
1571 37000 416000 624000 78000 156000 156000
1572 37000 416000 624000 78000 156000 156000
1573 37000 416000 624000 78000 156000 156000
1574 37000 416000 624000 78000 156000 156000
1575 37000 416000 624000 78000 156000 156000
1576 37000 416000 624000 78000 156000 156000
1577 37000 416000 624000 78000 156000 156000
1578 37000 416000 624000 78000 156000 156000
1579 37000 416000 624000 78000 156000 156000
1580 37000 416000 624000 78000 156000 156000
1581 37000 416000 624000 78000 156000 156000
1582 37000 416000 624000 78000 156000 156000
1583 37000 416000 624000 78000 156000 156000
1584 37000 416000 624000 78000 156000 156000
1585 37000 416000 624000 78000 156000 156000
1586 37000 416000 624000 78000 156000 156000
1588 37000 416000 624000 78000 156000 156000
1589 37000 416000 624000 78000 156000 156000
1590 37000 416000 624000 78000 156000 156000
1591 37000 416000 624000 78000 156000 156000
1592 37000 416000 624000 78000 156000 156000
1593 37000 416000 624000 78000 156000 156000
1594 36000 416000 624000 78000 156000 156000
1595 36000 416000 624000 78000 156000 156000
1596 36000 416000 624000 78000 156000 156000
1597 36000 416000 624000 78000 156000 156000
1598 36000 416000 624000 78000 156000 156000
1599 36000 416000 624000 78000 156000 156000
1600 36000 416000 624000 78000 156000 156000
1601 36000 416000 624000 78000 156000 156000
1602 36000 416000 624000 78000 156000 156000
1603 36000 416000 624000 78000 156000 156000
1604 36000 416000 624000 78000 156000 156000
1605 36000 416000 624000 78000 156000 156000
1606 36000 416000 624000 78000 156000 156000
1607 36000 416000 624000 78000 156000 156000
1608 36000 416000 624000 78000 156000 156000
1609 36000 416000 624000 78000 156000 156000
1611 36000 416000 624000 78000 156000 156000
1612 37000 832000 1526000 78000 156000 312000
1613 38000 416000 624000 312000 156000 416000
1614 38000 416000 624000 78000 156000 156000
1615 38000 832000 1248000 78000 156000 156000
1616 39000 832000 1248000 78000 156000 156000
1617 41000 832000 1526000 78000 156000 416000
1618 43000 832000 1526000 78000 156000 312000
1619 46000 416000 624000 78000 624000 528000
1620 46000 416000 624000 78000 624000 312000
1621 46000 416000 624000 78000 312000 312000
1622 44000 416000 624000 78000 156000 312000
1623 45000 416000 624000 78000 312000 312000
1624 44000 624000 832000 78000 832000 528000
1625 45000 416000 624000 78000 312000 312000
1626 45000 624000 1057000 78000 312000 528000
1627 47000 416000 624000 78000 312000 312000
1628 46000 416000 624000 78000 156000 416000
1629 45000 416000 624000 78000 156000 312000
1630 45000 416000 624000 78000 312000 416000
1631 45000 416000 624000 78000 312000 312000
1632 45000 624000 832000 78000 832000 528000
1633 47000 416000 624000 78000 624000 312000
1635 46000 416000 624000 78000 312000 416000
1636 46000 416000 624000 78000 312000 312000
1637 46000 416000 624000 78000 624000 528000
1638 47000 416000 624000 78000 624000 312000
1639 47000 416000 624000 78000 312000 312000
1640 47000 416000 624000 78000 156000 312000
1641 47000 624000 832000 78000 156000 416000
1642 47000 624000 832000 78000 156000 312000
1643 47000 416000 624000 78000 156000 312000
1644 46000 416000 624000 78000 156000 312000
1645 47000 416000 624000 78000 156000 312000
1646 46000 416000 624000 78000 312000 312000
1647 46000 416000 624000 78000 156000 312000
1648 47000 416000 624000 78000 624000 312000
1649 47000 416000 624000 78000 312000 312000
1650 47000 624000 832000 78000 312000 416000
1651 46000 416000 624000 78000 156000 312000
1652 46000 416000 624000 78000 156000 312000
1653 46000 416000 624000 78000 312000 312000
1654 47000 416000 624000 78000 312000 312000
1656 46000 624000 832000 78000 156000 416000
1657 47000 416000 624000 78000 312000 528000
1658 47000 416000 832000 78000 624000 528000
1659 48000 416000 624000 78000 624000 528000
1660 48000 416000 624000 78000 312000 312000
1661 48000 624000 624000 78000 312000 416000
1662 48000 416000 624000 78000 832000 312000
1663 48000 416000 624000 78000 624000 416000
1664 48000 624000 832000 78000 312000 312000
1665 47000 624000 832000 78000 156000 312000
1666 47000 624000 832000 78000 312000 416000
1667 48000 416000 624000 78000 312000 416000
1668 47000 416000 624000 78000 312000 312000
1669 47000 416000 624000 78000 312000 416000
1670 47000 416000 624000 78000 312000 312000
1671 47000 416000 624000 78000 312000 312000
1672 48000 624000 832000 78000 832000 312000
1673 49000 416000 624000 78000 312000 416000
1674 49000 624000 832000 78000 624000 528000
1675 47000 416000 624000 78000 156000 156000
1677 50000 624000 832000 78000 832000 528000
1678 49000 416000 624000 78000 156000 312000
1679 48000 416000 624000 78000 624000 312000
1680 48000 416000 624000 78000 156000 312000
1681 48000 416000 624000 78000 312000 416000
1682 48000 416000 832000 78000 156000 312000
1683 48000 416000 624000 78000 156000 312000
1684 47000 624000 832000 78000 156000 416000
1685 48000 416000 624000 78000 156000 312000
1686 48000 416000 832000 78000 156000 416000
1687 47000 416000 624000 78000 156000 416000
1688 47000 416000 624000 78000 156000 312000
1689 48000 416000 624000 78000 156000 312000
1690 47000 624000 832000 78000 156000 416000
1691 47000 416000 624000 78000 156000 312000
1692 48000 416000 832000 78000 156000 416000
1693 47000 416000 624000 78000 156000 312000
1694 47000 416000 624000 78000 156000 312000
1695 48000 416000 624000 78000 156000 312000
1697 47000 416000 832000 78000 156000 528000
1698 48000 624000 832000 78000 156000 528000
1699 47000 416000 624000 78000 156000 416000
1700 47000 416000 624000 78000 156000 312000
1701 48000 416000 624000 78000 156000 416000
1702 47000 416000 624000 78000 156000 312000
1703 48000 416000 624000 78000 156000 312000
1704 48000 416000 624000 78000 156000 312000
1705 48000 416000 624000 78000 156000 312000
1706 48000 416000 624000 78000 156000 312000
1707 48000 624000 832000 78000 156000 416000
1708 48000 416000 624000 78000 156000 312000
1709 48000 416000 832000 78000 156000 312000
1710 48000 416000 624000 78000 156000 312000
1711 48000 416000 416000 78000 156000 312000
1712 48000 416000 624000 78000 156000 312000
1713 48000 416000 624000 78000 156000 312000
1714 48000 624000 832000 78000 156000 312000
1715 48000 416000 624000 78000 156000 312000
1717 48000 416000 832000 78000 156000 416000
1718 48000 416000 624000 78000 156000 312000
1719 48000 416000 416000 78000 156000 416000
1720 48000 416000 624000 78000 156000 312000
1721 48000 624000 832000 78000 156000 416000
1722 48000 416000 624000 78000 156000 312000
1723 48000 624000 832000 78000 312000 416000
1724 48000 416000 624000 78000 156000 312000
1725 48000 416000 832000 78000 156000 416000
1726 48000 416000 624000 78000 156000 416000
1727 48000 416000 624000 78000 156000 312000
1728 48000 416000 624000 78000 156000 312000
1729 48000 624000 624000 78000 156000 416000
1730 48000 624000 832000 78000 156000 312000
1731 48000 624000 832000 78000 156000 416000
1732 48000 624000 832000 78000 156000 312000
1733 48000 416000 832000 78000 156000 312000
1734 48000 624000 832000 78000 156000 312000
1735 48000 624000 832000 78000 156000 312000
1736 48000 416000 832000 78000 156000 416000
1738 48000 416000 624000 78000 156000 312000
1739 48000 416000 832000 78000 156000 312000
1740 48000 416000 624000 78000 156000 312000
1741 48000 416000 624000 78000 156000 312000
1742 48000 416000 624000 78000 156000 312000
1743 48000 624000 832000 78000 156000 312000
1744 48000 416000 624000 78000 156000 312000
1745 48000 416000 624000 78000 156000 312000
1746 49000 416000 832000 78000 156000 416000
1747 48000 416000 624000 78000 156000 528000
1748 48000 416000 624000 78000 156000 312000
1749 48000 416000 832000 78000 156000 312000
1750 48000 416000 624000 78000 156000 312000
1751 48000 624000 832000 78000 156000 416000
1752 48000 416000 624000 78000 156000 312000
1753 48000 416000 624000 78000 156000 312000
1754 48000 624000 832000 78000 156000 416000
1755 48000 416000 624000 78000 156000 312000
1756 48000 416000 624000 78000 156000 312000
1757 48000 624000 832000 78000 156000 312000
1759 48000 624000 832000 78000 156000 528000
1760 48000 624000 832000 78000 156000 528000
1761 48000 624000 832000 78000 312000 416000
1762 48000 416000 624000 78000 156000 416000
1763 48000 416000 624000 78000 156000 312000
1764 48000 416000 624000 78000 156000 312000
1765 48000 624000 832000 78000 156000 528000
1766 48000 416000 624000 78000 156000 312000
1767 48000 624000 832000 78000 156000 528000
1768 48000 416000 624000 78000 156000 312000
1769 48000 624000 832000 78000 156000 528000
1770 48000 416000 624000 78000 156000 416000
1771 48000 624000 832000 78000 156000 312000
1772 49000 416000 624000 78000 156000 312000
1773 48000 624000 832000 78000 156000 416000
1774 49000 624000 832000 78000 156000 416000
1775 49000 624000 832000 78000 156000 416000
1776 48000 624000 832000 78000 156000 416000
1777 49000 624000 832000 78000 156000 528000
1778 49000 624000 832000 78000 156000 312000
1779 48000 416000 832000 78000 156000 416000
1781 48000 416000 624000 78000 156000 312000
1782 49000 416000 624000 78000 156000 312000
1783 49000 416000 624000 78000 156000 312000
1784 49000 416000 624000 78000 312000 312000
1785 48000 416000 624000 78000 156000 312000
1786 48000 416000 624000 78000 156000 312000
1787 49000 416000 416000 78000 156000 312000
1788 48000 416000 624000 78000 156000 312000
1789 48000 416000 832000 78000 156000 528000
1790 48000 624000 832000 78000 156000 416000
1791 48000 624000 832000 78000 156000 312000
1792 48000 416000 624000 78000 156000 312000
1793 48000 624000 832000 78000 156000 416000
1794 48000 624000 832000 78000 156000 528000
1795 48000 416000 832000 78000 156000 416000
1796 48000 624000 832000 78000 156000 416000
1797 48000 416000 624000 78000 156000 312000
1798 48000 624000 832000 78000 156000 416000
1799 48000 416000 624000 78000 156000 416000
1800 49000 416000 624000 78000 156000 312000
1802 49000 416000 624000 78000 156000 312000
1803 48000 624000 832000 78000 156000 416000
1804 49000 416000 624000 78000 156000 416000
1805 48000 416000 624000 78000 156000 312000
1806 49000 416000 624000 78000 156000 312000
1807 48000 416000 624000 78000 156000 416000
1808 49000 416000 624000 78000 156000 312000
1809 48000 416000 624000 78000 156000 312000
1810 49000 416000 624000 78000 156000 312000
1811 48000 416000 624000 78000 156000 416000
1812 49000 624000 832000 78000 156000 416000
1813 48000 416000 624000 78000 156000 312000
1814 49000 416000 624000 78000 156000 312000
1815 48000 624000 832000 78000 156000 528000
1816 48000 624000 832000 78000 156000 416000
1817 48000 624000 832000 78000 156000 416000
1818 49000 416000 832000 78000 156000 416000
1819 48000 416000 832000 78000 156000 416000
1820 49000 416000 832000 78000 156000 312000
1821 49000 416000 624000 78000 156000 416000
1823 48000 416000 624000 78000 156000 312000
1824 48000 624000 832000 78000 156000 312000
1825 48000 624000 832000 78000 156000 416000
1826 48000 416000 624000 78000 156000 312000
1827 48000 624000 832000 78000 156000 312000
1828 48000 624000 832000 78000 156000 528000
1829 48000 416000 624000 78000 156000 312000
1830 48000 416000 624000 78000 156000 312000
1831 48000 416000 624000 78000 156000 416000
1832 49000 416000 624000 78000 156000 312000
1833 48000 624000 832000 78000 156000 416000
1834 49000 624000 832000 78000 156000 416000
1835 48000 416000 624000 78000 156000 312000
1836 50000 416000 624000 78000 156000 312000
1837 49000 416000 624000 78000 156000 312000
1838 49000 416000 832000 78000 156000 312000
1839 49000 416000 624000 78000 156000 416000
1840 49000 416000 624000 78000 156000 312000
1841 49000 624000 832000 78000 156000 312000
1842 49000 416000 624000 78000 156000 312000
1844 49000 416000 624000 78000 156000 312000
1845 49000 624000 832000 78000 156000 416000
1846 49000 416000 832000 78000 156000 528000
1847 49000 416000 624000 78000 156000 312000
1848 50000 416000 624000 78000 156000 416000
1849 49000 416000 624000 78000 156000 312000
1850 50000 416000 624000 78000 156000 312000
1851 50000 416000 624000 78000 156000 312000
1852 50000 624000 832000 78000 156000 528000
1853 49000 416000 624000 78000 156000 312000
1854 49000 416000 624000 78000 156000 312000
1855 49000 416000 624000 78000 156000 312000
1856 49000 624000 832000 78000 156000 416000
1857 49000 416000 624000 78000 156000 312000
1858 49000 416000 624000 78000 156000 312000
1859 49000 624000 832000 78000 156000 416000
1860 49000 624000 832000 78000 156000 416000
1861 49000 416000 624000 78000 156000 312000
1862 49000 624000 832000 78000 156000 312000
1863 49000 416000 624000 78000 156000 312000
1865 49000 416000 624000 78000 156000 416000
1866 49000 624000 832000 78000 156000 528000
1867 49000 416000 624000 78000 156000 312000
1868 49000 624000 1057000 78000 156000 528000
1869 49000 416000 624000 78000 156000 416000
1870 49000 624000 832000 78000 156000 528000
1871 49000 416000 624000 78000 156000 312000
1872 49000 416000 624000 78000 156000 312000
1873 49000 624000 832000 78000 156000 416000
1874 49000 416000 624000 78000 156000 416000
1875 49000 416000 624000 78000 156000 312000
1876 50000 416000 624000 78000 156000 312000
1877 49000 416000 624000 78000 156000 312000
1878 49000 416000 624000 78000 156000 416000
1879 49000 416000 624000 78000 156000 312000
1880 49000 624000 832000 78000 156000 312000
1881 49000 416000 624000 78000 156000 416000
1882 49000 624000 832000 78000 156000 528000
1883 50000 416000 624000 78000 156000 312000
1884 49000 416000 832000 78000 156000 416000
1886 50000 624000 832000 78000 156000 416000
1887 49000 624000 832000 78000 156000 528000
1888 49000 416000 624000 78000 156000 416000
1889 49000 416000 624000 78000 156000 416000
1890 50000 416000 624000 78000 156000 312000
1891 50000 416000 624000 78000 156000 312000
1892 49000 624000 832000 78000 156000 416000
1893 50000 624000 832000 78000 156000 312000
1894 49000 416000 624000 78000 156000 312000
1895 50000 416000 624000 78000 156000 312000
1896 49000 416000 624000 78000 156000 312000
1897 49000 416000 624000 78000 156000 312000
1898 49000 416000 624000 78000 156000 312000
1899 50000 416000 624000 78000 156000 312000
1900 49000 624000 832000 78000 156000 528000
00 832000 1248000 78000 156000 156000
